cl : Command line warning D9035: option 'Gm' has been deprecated and will be removed in a future release
  volume.cpp
  unrar.cpp
  unpack.cpp
  unicode.cpp
  ulinks.cpp
  timefn.cpp
  system.cpp
  strlist.cpp
  strfn.cpp
  sha1.cpp
  scantree.cpp
  savepos.cpp
  rs.cpp
  rijndael.cpp
  recvol.cpp
  rdwrfn.cpp
  rawread.cpp
  rarvmtbl.cpp
  rarvm.cpp
  rarresource.cpp
  Generating Code...
  Compiling...
  rarbloat.cpp
  pathfn.cpp
  options.cpp
  match.cpp
  list.cpp
  isnt.cpp
  int64.cpp
  global.cpp
  getbits.cpp
  find.cpp
  filestr.cpp
  filefn.cpp
  file.cpp
  filcreat.cpp
  extract.cpp
  extinfo.cpp
  errhnd.cpp
  encname.cpp
  crypt.cpp
  crc.cpp
  Generating Code...
  Compiling...
  consio.cpp
  cmddata.cpp
  arcread.cpp
  archive.cpp
  Generating Code...
  Unrar.vcxproj -> D:\Programistyczne\! Git\lunar82_repo\uplink-source-code\contrib\unrar\..\bin\Unrar.lib
