d:\programistyczne\! git\lunar82_repo\uplink-source-code\contrib\unrar\release\unrar.pdb
d:\programistyczne\! git\lunar82_repo\uplink-source-code\contrib\unrar\release\list.obj
d:\programistyczne\! git\lunar82_repo\uplink-source-code\contrib\unrar\release\isnt.obj
d:\programistyczne\! git\lunar82_repo\uplink-source-code\contrib\unrar\release\int64.obj
d:\programistyczne\! git\lunar82_repo\uplink-source-code\contrib\unrar\release\global.obj
d:\programistyczne\! git\lunar82_repo\uplink-source-code\contrib\unrar\release\getbits.obj
d:\programistyczne\! git\lunar82_repo\uplink-source-code\contrib\unrar\release\find.obj
d:\programistyczne\! git\lunar82_repo\uplink-source-code\contrib\unrar\release\filestr.obj
d:\programistyczne\! git\lunar82_repo\uplink-source-code\contrib\unrar\release\filefn.obj
d:\programistyczne\! git\lunar82_repo\uplink-source-code\contrib\unrar\release\file.obj
d:\programistyczne\! git\lunar82_repo\uplink-source-code\contrib\unrar\release\filcreat.obj
d:\programistyczne\! git\lunar82_repo\uplink-source-code\contrib\unrar\release\extract.obj
d:\programistyczne\! git\lunar82_repo\uplink-source-code\contrib\unrar\release\extinfo.obj
d:\programistyczne\! git\lunar82_repo\uplink-source-code\contrib\unrar\release\errhnd.obj
d:\programistyczne\! git\lunar82_repo\uplink-source-code\contrib\unrar\release\encname.obj
d:\programistyczne\! git\lunar82_repo\uplink-source-code\contrib\unrar\release\crypt.obj
d:\programistyczne\! git\lunar82_repo\uplink-source-code\contrib\unrar\release\crc.obj
d:\programistyczne\! git\lunar82_repo\uplink-source-code\contrib\unrar\release\consio.obj
d:\programistyczne\! git\lunar82_repo\uplink-source-code\contrib\unrar\release\cmddata.obj
d:\programistyczne\! git\lunar82_repo\uplink-source-code\contrib\unrar\release\arcread.obj
d:\programistyczne\! git\lunar82_repo\uplink-source-code\contrib\unrar\release\archive.obj
d:\programistyczne\! git\lunar82_repo\uplink-source-code\contrib\unrar\release\ulinks.obj
d:\programistyczne\! git\lunar82_repo\uplink-source-code\contrib\unrar\release\timefn.obj
d:\programistyczne\! git\lunar82_repo\uplink-source-code\contrib\unrar\release\system.obj
d:\programistyczne\! git\lunar82_repo\uplink-source-code\contrib\unrar\release\strlist.obj
d:\programistyczne\! git\lunar82_repo\uplink-source-code\contrib\unrar\release\strfn.obj
d:\programistyczne\! git\lunar82_repo\uplink-source-code\contrib\unrar\release\sha1.obj
d:\programistyczne\! git\lunar82_repo\uplink-source-code\contrib\unrar\release\scantree.obj
d:\programistyczne\! git\lunar82_repo\uplink-source-code\contrib\unrar\release\savepos.obj
d:\programistyczne\! git\lunar82_repo\uplink-source-code\contrib\unrar\release\rs.obj
d:\programistyczne\! git\lunar82_repo\uplink-source-code\contrib\unrar\release\rijndael.obj
d:\programistyczne\! git\lunar82_repo\uplink-source-code\contrib\unrar\release\recvol.obj
d:\programistyczne\! git\lunar82_repo\uplink-source-code\contrib\unrar\release\rdwrfn.obj
d:\programistyczne\! git\lunar82_repo\uplink-source-code\contrib\unrar\release\rawread.obj
d:\programistyczne\! git\lunar82_repo\uplink-source-code\contrib\unrar\release\rarvmtbl.obj
d:\programistyczne\! git\lunar82_repo\uplink-source-code\contrib\unrar\release\rarvm.obj
d:\programistyczne\! git\lunar82_repo\uplink-source-code\contrib\unrar\release\rarresource.obj
d:\programistyczne\! git\lunar82_repo\uplink-source-code\contrib\unrar\release\rarbloat.obj
d:\programistyczne\! git\lunar82_repo\uplink-source-code\contrib\unrar\release\pathfn.obj
d:\programistyczne\! git\lunar82_repo\uplink-source-code\contrib\unrar\release\options.obj
d:\programistyczne\! git\lunar82_repo\uplink-source-code\contrib\unrar\release\match.obj
d:\programistyczne\! git\lunar82_repo\uplink-source-code\contrib\unrar\release\volume.obj
d:\programistyczne\! git\lunar82_repo\uplink-source-code\contrib\unrar\release\unrar.obj
d:\programistyczne\! git\lunar82_repo\uplink-source-code\contrib\unrar\release\unpack.obj
d:\programistyczne\! git\lunar82_repo\uplink-source-code\contrib\unrar\release\unicode.obj
d:\programistyczne\! git\lunar82_repo\uplink-source-code\contrib\bin\unrar.lib
d:\programistyczne\! git\lunar82_repo\uplink-source-code\contrib\unrar\..\bin\unrar.lib
d:\programistyczne\! git\lunar82_repo\uplink-source-code\contrib\unrar\release\unrar.tlog\cl.command.1.tlog
d:\programistyczne\! git\lunar82_repo\uplink-source-code\contrib\unrar\release\unrar.tlog\cl.read.1.tlog
d:\programistyczne\! git\lunar82_repo\uplink-source-code\contrib\unrar\release\unrar.tlog\cl.write.1.tlog
d:\programistyczne\! git\lunar82_repo\uplink-source-code\contrib\unrar\release\unrar.tlog\lib-link.read.1.tlog
d:\programistyczne\! git\lunar82_repo\uplink-source-code\contrib\unrar\release\unrar.tlog\lib-link.write.1.tlog
d:\programistyczne\! git\lunar82_repo\uplink-source-code\contrib\unrar\release\unrar.tlog\lib.command.1.tlog
