  archive.cpp
  arcread.cpp
  cmddata.cpp
  consio.cpp
  crc.cpp
  crypt.cpp
  encname.cpp
  errhnd.cpp
  extinfo.cpp
  extract.cpp
  filcreat.cpp
  file.cpp
  filefn.cpp
  filestr.cpp
  find.cpp
  getbits.cpp
  global.cpp
  int64.cpp
  isnt.cpp
  list.cpp
  Generating Code...
  Compiling...
  match.cpp
  options.cpp
  pathfn.cpp
  rarbloat.cpp
  rarresource.cpp
  rarvm.cpp
  rawread.cpp
  rdwrfn.cpp
  recvol.cpp
  rijndael.cpp
  rs.cpp
  savepos.cpp
  scantree.cpp
  sha1.cpp
  strfn.cpp
  strlist.cpp
  system.cpp
  timefn.cpp
  ulinks.cpp
  unicode.cpp
  Generating Code...
  Compiling...
  unpack.cpp
  unrar.cpp
  volume.cpp
  Generating Code...
  Unrar.vcxproj -> D:\Programistyczne\! Git\lunar82_repo\uplink-source-code\contrib\unrar\..\bin\Unrar.lib
